<?xml version="1.0" encoding="UTF-8"?>
<testng-results skipped="0" failed="0" total="1" passed="1">
  <reporter-output>
    <line>
      <![CDATA[Setting up reports and Test is getting ready]]>
    </line>
    <line>
      <![CDATA[Setting Done- Test can be started]]>
    </line>
    <line>
      <![CDATA[Trying to start Browser and Getting application ready]]>
    </line>
    <line>
      <![CDATA[Browser and Application is up and running]]>
    </line>
    <line>
      <![CDATA[Test is about to end ]]>
    </line>
    <line>
      <![CDATA[Test Completed >>> Reports Generated]]>
    </line>
    <line>
      <![CDATA[Report can be accessed via >>> F:\MavenFramework\Framework\Framework/Reports/FreeCRM_11_14_2019_22_07_39.html]]>
    </line>
  </reporter-output>
  <suite name="Suite" duration-ms="35124" started-at="2019-11-14T16:37:40Z" finished-at="2019-11-14T16:38:15Z">
    <groups>
    </groups>
    <test name="Test" duration-ms="35124" started-at="2019-11-14T16:37:40Z" finished-at="2019-11-14T16:38:15Z">
      <class name="com.learnautomation.testcases.LoginTestCRM">
        <test-method status="PASS" signature="setUpSuite()[pri:0, instance:com.learnautomation.testcases.LoginTestCRM@6e3c1e69]" name="setUpSuite" is-config="true" duration-ms="1078" started-at="2019-11-14T22:07:39Z" finished-at="2019-11-14T22:07:40Z">
          <reporter-output>
            <line>
              <![CDATA[Setting up reports and Test is getting ready]]>
            </line>
            <line>
              <![CDATA[Setting Done- Test can be started]]>
            </line>
          </reporter-output>
        </test-method> <!-- setUpSuite -->
        <test-method status="PASS" signature="setup()[pri:0, instance:com.learnautomation.testcases.LoginTestCRM@6e3c1e69]" name="setup" is-config="true" duration-ms="14477" started-at="2019-11-14T22:07:40Z" finished-at="2019-11-14T22:07:54Z">
          <reporter-output>
            <line>
              <![CDATA[Trying to start Browser and Getting application ready]]>
            </line>
            <line>
              <![CDATA[Browser and Application is up and running]]>
            </line>
          </reporter-output>
        </test-method> <!-- setup -->
        <test-method status="PASS" signature="loginApp()[pri:0, instance:com.learnautomation.testcases.LoginTestCRM@6e3c1e69]" name="loginApp" duration-ms="16109" started-at="2019-11-14T22:07:54Z" finished-at="2019-11-14T22:08:10Z">
          <reporter-output>
          </reporter-output>
        </test-method> <!-- loginApp -->
        <test-method status="PASS" signature="tearDownMethod(org.testng.ITestResult)[pri:0, instance:com.learnautomation.testcases.LoginTestCRM@6e3c1e69]" name="tearDownMethod" is-config="true" duration-ms="3417" started-at="2019-11-14T22:08:10Z" finished-at="2019-11-14T22:08:14Z">
          <params>
            <param index="0">
              <value>
                <![CDATA[[TestResult name=loginApp status=SUCCESS method=LoginTestCRM.loginApp()[pri:0, instance:com.learnautomation.testcases.LoginTestCRM@6e3c1e69] output={null}]]]>
              </value>
            </param>
          </params>
          <reporter-output>
            <line>
              <![CDATA[Test is about to end ]]>
            </line>
            <line>
              <![CDATA[Test Completed >>> Reports Generated]]>
            </line>
            <line>
              <![CDATA[Report can be accessed via >>> F:\MavenFramework\Framework\Framework/Reports/FreeCRM_11_14_2019_22_07_39.html]]>
            </line>
          </reporter-output>
        </test-method> <!-- tearDownMethod -->
        <test-method status="PASS" signature="tearDown()[pri:0, instance:com.learnautomation.testcases.LoginTestCRM@6e3c1e69]" name="tearDown" is-config="true" duration-ms="1105" started-at="2019-11-14T22:08:14Z" finished-at="2019-11-14T22:08:15Z">
          <reporter-output>
          </reporter-output>
        </test-method> <!-- tearDown -->
      </class> <!-- com.learnautomation.testcases.LoginTestCRM -->
    </test> <!-- Test -->
  </suite> <!-- Suite -->
</testng-results>
